<?xml version="1.0" encoding="UTF-8"?>
<!-- Generated by org.testng.reporters.JUnitReportReporter -->
<testsuite hostname="Koneri" failures="0" tests="1" name="Gidproject.artidproject.NewTest1" time="9.901" errors="0" timestamp="28 Jul 2021 22:10:16 GMT" skipped="0">
  <testcase classname="Gidproject.artidproject.NewTest1" name="f" time="9.901"/>
</testsuite> <!-- Gidproject.artidproject.NewTest1 -->
