<?xml version="1.0" encoding="UTF-8"?>
<!-- Generated by org.testng.reporters.JUnitReportReporter -->
<testsuite hostname="Koneri" failures="0" tests="1" name="Gidproject.artidproject.NewTest2" time="10.340" errors="0" timestamp="28 Jul 2021 22:10:16 GMT" skipped="0">
  <testcase classname="Gidproject.artidproject.NewTest2" name="f" time="10.340"/>
</testsuite> <!-- Gidproject.artidproject.NewTest2 -->
