<?xml version="1.0" encoding="UTF-8"?>
<!-- Generated by org.testng.reporters.JUnitReportReporter -->
<testsuite hostname="Koneri" failures="0" tests="3" name="Gidproject.artidproject.NewTest" time="18.633" errors="0" timestamp="28 Jul 2021 22:10:16 GMT" skipped="0">
  <testcase classname="Gidproject.artidproject.NewTest" name="testcase1_1" time="6.164"/>
  <testcase classname="Gidproject.artidproject.NewTest" name="testcase1_2" time="6.489"/>
  <testcase classname="Gidproject.artidproject.NewTest" name="testcase1_3" time="5.980"/>
</testsuite> <!-- Gidproject.artidproject.NewTest -->
